<?xml version="1.0" encoding="UTF-8"?>
<!-- Generated by org.testng.reporters.JUnitXMLReporter -->
<testsuite hostname="DESKTOP-TSGD6I3" ignored="0" name="Default test" tests="5" failures="0" timestamp="2020-01-06T05:47:07 GMT" time="0.073" errors="0">
  <testcase name="HomePageLanding" time="0.013" classname="KurtGeiger.MainPage"/>
  <testcase name="MenCategory" time="0.001" classname="KurtGeiger.Men_Cat"/>
  <testcase name="HomePageLanding" time="0.001" classname="KurtGeiger.MainPage"/>
  <testcase name="PDPCheckout" time="0.002" classname="KurtGeiger.PDP_checkout"/>
  <testcase name="ListOfBrands" time="0.001" classname="KurtGeiger.Brand"/>
</testsuite> <!-- Default test -->
