<?xml version="1.0" encoding="UTF-8"?>
<testng-results skipped="0" failed="0" ignored="0" total="5" passed="5">
  <reporter-output>
  </reporter-output>
  <suite name="Default suite" duration-ms="73" started-at="2020-01-06T05:47:07 GMT" finished-at="2020-01-06T05:47:07 GMT">
    <groups>
    </groups>
    <test name="Default test" duration-ms="73" started-at="2020-01-06T05:47:07 GMT" finished-at="2020-01-06T05:47:07 GMT">
      <class name="KurtGeiger.Men_Cat">
        <test-method status="PASS" signature="MenCategory()[pri:0, instance:KurtGeiger.Men_Cat@7a3d45bd]" name="MenCategory" duration-ms="1" started-at="2020-01-06T05:47:07 GMT" finished-at="2020-01-06T05:47:07 GMT">
          <reporter-output>
          </reporter-output>
        </test-method> <!-- MenCategory -->
      </class> <!-- KurtGeiger.Men_Cat -->
      <class name="KurtGeiger.MainPage">
        <test-method status="PASS" signature="HomePageLanding()[pri:0, instance:KurtGeiger.MainPage@1e7c7811]" name="HomePageLanding" duration-ms="1" started-at="2020-01-06T05:47:07 GMT" finished-at="2020-01-06T05:47:07 GMT">
          <reporter-output>
          </reporter-output>
        </test-method> <!-- HomePageLanding -->
      </class> <!-- KurtGeiger.MainPage -->
      <class name="KurtGeiger.PDP_checkout">
        <test-method status="PASS" signature="PDPCheckout()[pri:0, instance:KurtGeiger.PDP_checkout@77ec78b9]" name="PDPCheckout" duration-ms="2" started-at="2020-01-06T05:47:07 GMT" finished-at="2020-01-06T05:47:07 GMT">
          <reporter-output>
          </reporter-output>
        </test-method> <!-- PDPCheckout -->
      </class> <!-- KurtGeiger.PDP_checkout -->
      <class name="stepDefinitions.stepDefinition$StepDefinitions">
        <test-method status="PASS" signature="HomePageLanding()[pri:0, instance:stepDefinitions.stepDefinition$StepDefinitions@50d0686]" name="HomePageLanding" duration-ms="13" started-at="2020-01-06T05:47:07 GMT" finished-at="2020-01-06T05:47:07 GMT">
          <reporter-output>
          </reporter-output>
        </test-method> <!-- HomePageLanding -->
      </class> <!-- stepDefinitions.stepDefinition$StepDefinitions -->
      <class name="KurtGeiger.Brand">
        <test-method status="PASS" signature="ListOfBrands()[pri:0, instance:KurtGeiger.Brand@1a3869f4]" name="ListOfBrands" duration-ms="1" started-at="2020-01-06T05:47:07 GMT" finished-at="2020-01-06T05:47:07 GMT">
          <reporter-output>
          </reporter-output>
        </test-method> <!-- ListOfBrands -->
      </class> <!-- KurtGeiger.Brand -->
    </test> <!-- Default test -->
  </suite> <!-- Default suite -->
</testng-results>
